<?xml version="1.0" encoding="UTF-8"?>
<!-- Generated by org.testng.reporters.JUnitReportReporter -->
<testsuite hostname="Shubh-Pia" failures="0" tests="1" name="com.testautomation.apitesting.tests.PostApiRequest" time="5.197" errors="0" timestamp="2024-04-30T14:58:06 IST" skipped="0">
  <testcase classname="com.testautomation.apitesting.tests.PostApiRequest" name="createBooking" time="5.197"/>
  <system-out/>
</testsuite> <!-- com.testautomation.apitesting.tests.PostApiRequest -->
