<?xml version="1.0" encoding="UTF-8"?>
<!-- Generated by org.testng.reporters.JUnitReportReporter -->
<testsuite hostname="Shubh-Pia" failures="0" tests="1" name="com.testautomation.apitesting.tests.PostApiRequestUsingPojos" time="0.479" errors="0" timestamp="2024-04-30T16:14:18 IST" skipped="0">
  <testcase classname="com.testautomation.apitesting.tests.PostApiRequestUsingPojos" name="postApiRequest" time="0.479"/>
  <system-out/>
</testsuite> <!-- com.testautomation.apitesting.tests.PostApiRequestUsingPojos -->
