<?xml version="1.0" encoding="UTF-8"?>
<!-- Generated by org.testng.reporters.JUnitReportReporter -->
<testsuite hostname="Shubh-Pia" failures="0" tests="10" name="cucumberOptions.TestNgTestRunner" time="0.120" errors="0" timestamp="2024-05-04T18:04:18 IST" skipped="0">
  <testcase classname="cucumberOptions.TestNgTestRunner" name="runScenario" time="0.006"/>
  <testcase classname="cucumberOptions.TestNgTestRunner" name="runScenario" time="0.004"/>
  <testcase classname="cucumberOptions.TestNgTestRunner" name="runScenario" time="0.008"/>
  <testcase classname="cucumberOptions.TestNgTestRunner" name="runScenario" time="0.008"/>
  <testcase classname="cucumberOptions.TestNgTestRunner" name="runScenario" time="0.005"/>
  <testcase classname="cucumberOptions.TestNgTestRunner" name="runScenario" time="0.006"/>
  <testcase classname="cucumberOptions.TestNgTestRunner" name="runScenario" time="0.012"/>
  <testcase classname="cucumberOptions.TestNgTestRunner" name="runScenario" time="0.058"/>
  <testcase classname="cucumberOptions.TestNgTestRunner" name="runScenario" time="0.006"/>
  <testcase classname="cucumberOptions.TestNgTestRunner" name="runScenario" time="0.007"/>
</testsuite> <!-- cucumberOptions.TestNgTestRunner -->
