<?xml version="1.0" encoding="UTF-8"?>
<!-- Generated by org.testng.reporters.JUnitReportReporter -->
<testsuite hostname="Shubh-Pia" failures="0" tests="1" name="cucumberOptions.TestNgTestRunner" time="6.657" errors="0" timestamp="2024-05-05T17:53:33 IST" skipped="0">
  <testcase classname="cucumberOptions.TestNgTestRunner" name="runScenario" time="6.657"/>
</testsuite> <!-- cucumberOptions.TestNgTestRunner -->
