<?xml version="1.0" encoding="UTF-8"?>
<!-- Generated by org.testng.reporters.JUnitReportReporter -->
<testsuite hostname="Shubh-Pia" failures="0" tests="4" name="api.test.UserTests" time="7.388" errors="0" timestamp="2024-05-01T14:36:00 IST" skipped="0">
  <testcase classname="api.test.UserTests" name="createUser" time="2.823"/>
  <system-out/>
  <testcase classname="api.test.UserTests" name="getUserByName" time="1.219"/>
  <system-out/>
  <testcase classname="api.test.UserTests" name="updateUserByName" time="2.244"/>
  <system-out/>
  <testcase classname="api.test.UserTests" name="deleteUserByName" time="1.102"/>
  <system-out/>
</testsuite> <!-- api.test.UserTests -->
